# Synopsys Constraint Checker, version maplat, Build 1612R, built Dec  5 2016
# Copyright (C) 1994-2016 Synopsys, Inc. All rights reserved. This Synopsys software and all associated documentation are proprietary to Synopsys, Inc. and may only be used pursuant to the terms and conditions of a written license agreement with Synopsys, Inc. All other use, reproduction, modification, or distribution of the Synopsys software or the associated documentation is strictly prohibited.

# Written on Sun Jan 19 14:53:14 2020


##### DESIGN INFO #######################################################

Top View:                "MyI2C"
Constraint File(s):      (none)




##### SUMMARY ############################################################

Found 0 issues in 0 out of 0 constraints


##### DETAILS ############################################################



Clock Relationships
*******************

Starting         Ending           |     rise to rise     |     fall to fall     |     rise to fall     |     fall to rise                     
---------------------------------------------------------------------------------------------------------------------------------------------
MyI2C|SBCLKi     MyI2C|SBCLKi     |     10.150           |     No paths         |     No paths         |     No paths                         
=============================================================================================================================================
 Note: 'No paths' indicates there are no paths in the design for that pair of clock edges.
       'Diff grp' indicates that paths exist but the starting clock and ending clock are in different clock groups.


Unconstrained Start/End Points
******************************

p:I2C2_SCL (bidir end point)
p:I2C2_SCL (bidir start point)
p:I2C2_SDA (bidir end point)
p:I2C2_SDA (bidir start point)
p:I2CPIRQ[0]
p:I2CPIRQ[1]
p:I2CPWKUP[0]
p:I2CPWKUP[1]
p:IPDONE
p:IPLOAD
p:RST
p:SBACKo
p:SBSTBi
p:SBWRi


Inapplicable constraints
************************

(none)


Applicable constraints with issues
**********************************

(none)


Constraints with matching wildcard expressions
**********************************************

(none)


Library Report
**************


# End of Constraint Checker Report
